<?xml version="1.0" encoding="UTF-8"?>
<!-- Generated by org.testng.reporters.JUnitReportReporter -->
<testsuite skipped="0" hostname="G2K-OF-stagpki2" name="mavenforjenkins.UITest" tests="1" failures="0" timestamp="2022-03-24T14:50:56 UTC" time="8.330" errors="0">
  <testcase name="startBrowser" time="8.330" classname="mavenforjenkins.UITest"/>
  <system-out/>
</testsuite> <!-- mavenforjenkins.UITest -->
